<?xml version="1.0" encoding="UTF-8"?>
<testsuite name="com.telRan.ashkelon.GroupDeletionTests" tests="2" skipped="0" failures="0" errors="0" timestamp="2018-11-21T16:22:19" hostname="Lena-Toshiba" time="1.104">
  <properties/>
  <testcase name="testFirstGroupDeletion" classname="com.telRan.ashkelon.GroupDeletionTests" time="0.496"/>
  <testcase name="testLastGroupDeletion" classname="com.telRan.ashkelon.GroupDeletionTests" time="0.444"/>
  <system-out><![CDATA[]]></system-out>
  <system-err><![CDATA[]]></system-err>
</testsuite>
