<?xml version="1.0" encoding="UTF-8"?>
<testsuite name="com.telRan.ashkelon.ContactDeletionTest" tests="1" skipped="0" failures="0" errors="0" timestamp="2018-11-21T16:22:30" hostname="Lena-Toshiba" time="0.194">
  <properties/>
  <testcase name="testDeleteContact" classname="com.telRan.ashkelon.ContactDeletionTest" time="0.194"/>
  <system-out><![CDATA[]]></system-out>
  <system-err><![CDATA[]]></system-err>
</testsuite>
