<?xml version="1.0" encoding="UTF-8"?>
<testsuite name="com.telRan.ashkelon.GroupCreationTests" tests="3" skipped="0" failures="0" errors="0" timestamp="2018-11-21T16:22:05" hostname="Lena-Toshiba" time="3.637">
  <properties/>
  <testcase name="testGroupCreation" classname="com.telRan.ashkelon.GroupCreationTests" time="1.284"/>
  <testcase name="testGroupCreationEmpty" classname="com.telRan.ashkelon.GroupCreationTests" time="1.046"/>
  <testcase name="testGroupCreationlongName" classname="com.telRan.ashkelon.GroupCreationTests" time="1.303"/>
  <system-out><![CDATA[]]></system-out>
  <system-err><![CDATA[]]></system-err>
</testsuite>
