<?xml version="1.0" encoding="UTF-8"?>
<testsuite name="com.telran.repeat.tests.ContactCreationTests" tests="2" skipped="0" failures="0" errors="0" timestamp="2018-11-15T13:04:51" hostname="Lena-Toshiba" time="1.863">
  <properties/>
  <testcase name="createContactTest[0](Contact{fName='name', lName='lname'})" classname="com.telran.repeat.tests.ContactCreationTests" time="0.986"/>
  <testcase name="createContactTest[1](Contact{fName='name2', lName='lname2'})" classname="com.telran.repeat.tests.ContactCreationTests" time="0.875"/>
  <system-out><![CDATA[]]></system-out>
  <system-err><![CDATA[]]></system-err>
</testsuite>
