<?xml version="1.0" encoding="UTF-8"?>
<testsuite name="com.telran.repeat.tests.ContactDeletionTests" tests="1" skipped="0" failures="0" errors="0" timestamp="2018-11-15T13:04:53" hostname="Lena-Toshiba" time="0.226">
  <properties/>
  <testcase name="testContactDeletion" classname="com.telran.repeat.tests.ContactDeletionTests" time="0.226"/>
  <system-out><![CDATA[]]></system-out>
  <system-err><![CDATA[]]></system-err>
</testsuite>
