<?xml version="1.0" encoding="UTF-8"?>
<testsuite name="com.telran.repeat.tests.GroupDeletionTests" tests="2" skipped="0" failures="0" errors="0" timestamp="2018-11-15T13:05:01" hostname="Lena-Toshiba" time="1.43">
  <properties/>
  <testcase name="testFirstGroupDeletion" classname="com.telran.repeat.tests.GroupDeletionTests" time="0.599"/>
  <testcase name="testLastGroupDeletion" classname="com.telran.repeat.tests.GroupDeletionTests" time="0.592"/>
  <system-out><![CDATA[]]></system-out>
  <system-err><![CDATA[]]></system-err>
</testsuite>
