<?xml version="1.0" encoding="UTF-8"?>
<testsuite name="com.telran.repeat.tests.GroupCreationTests" tests="5" skipped="0" failures="0" errors="0" timestamp="2018-11-15T13:04:54" hostname="Lena-Toshiba" time="6.337">
  <properties/>
  <testcase name="testGroupCreation[0](Group{groupName='test1', groupHeader='header1', groupFooter='footer1'})" classname="com.telran.repeat.tests.GroupCreationTests" time="1.282"/>
  <testcase name="testGroupCreation[1](Group{groupName='test2', groupHeader='header2', groupFooter='footer2'})" classname="com.telran.repeat.tests.GroupCreationTests" time="1.113"/>
  <testcase name="testGroupCreation[2](Group{groupName='test3', groupHeader='header3', groupFooter='footer3'})" classname="com.telran.repeat.tests.GroupCreationTests" time="1.175"/>
  <testcase name="testGroupCreation[3](Group{groupName='test4', groupHeader='header4', groupFooter='footer4'})" classname="com.telran.repeat.tests.GroupCreationTests" time="1.34"/>
  <testcase name="testGroupCreation[4](Group{groupName='test5', groupHeader='header5', groupFooter='footer5'})" classname="com.telran.repeat.tests.GroupCreationTests" time="1.424"/>
  <system-out><![CDATA[]]></system-out>
  <system-err><![CDATA[]]></system-err>
</testsuite>
