<?xml version="1.0" encoding="UTF-8"?>
<testsuite name="com.telran.repeat.tests.GroupModificationTests" tests="6" skipped="0" failures="0" errors="0" timestamp="2018-11-15T13:05:03" hostname="Lena-Toshiba" time="8.588">
  <properties/>
  <testcase name="testEmtyGroupModification[0](Group{groupName='test1', groupHeader='header1', groupFooter='footer1'})" classname="com.telran.repeat.tests.GroupModificationTests" time="1.934"/>
  <testcase name="testEmtyGroupModification[1](Group{groupName='test2', groupHeader='header2', groupFooter='footer2'})" classname="com.telran.repeat.tests.GroupModificationTests" time="1.293"/>
  <testcase name="testEmtyGroupModification[2](Group{groupName='test3', groupHeader='header3', groupFooter='footer3'})" classname="com.telran.repeat.tests.GroupModificationTests" time="1.328"/>
  <testcase name="testEmtyGroupModification[3](Group{groupName='test4', groupHeader='header4', groupFooter='footer4'})" classname="com.telran.repeat.tests.GroupModificationTests" time="1.15"/>
  <testcase name="testEmtyGroupModification[4](Group{groupName='test5', groupHeader='header5', groupFooter='footer5'})" classname="com.telran.repeat.tests.GroupModificationTests" time="1.146"/>
  <testcase name="testGroupModification" classname="com.telran.repeat.tests.GroupModificationTests" time="0.826"/>
  <system-out><![CDATA[]]></system-out>
  <system-err><![CDATA[]]></system-err>
</testsuite>
